Determining if the pthread_create exist failed with the following output:
Change Dir: /vagrant/CMakeFiles/CMakeTmp

Run Build Command:"/usr/bin/make" "cmTC_02a00/fast"
/usr/bin/make -f CMakeFiles/cmTC_02a00.dir/build.make CMakeFiles/cmTC_02a00.dir/build
make[1]: Entering directory '/vagrant/CMakeFiles/CMakeTmp'
Building CXX object CMakeFiles/cmTC_02a00.dir/CheckSymbolExists.cxx.o
/usr/bin/c++     -o CMakeFiles/cmTC_02a00.dir/CheckSymbolExists.cxx.o -c /vagrant/CMakeFiles/CMakeTmp/CheckSymbolExists.cxx
Linking CXX executable cmTC_02a00
/usr/bin/cmake -E cmake_link_script CMakeFiles/cmTC_02a00.dir/link.txt --verbose=1
/usr/bin/c++       CMakeFiles/cmTC_02a00.dir/CheckSymbolExists.cxx.o  -o cmTC_02a00 
CMakeFiles/cmTC_02a00.dir/CheckSymbolExists.cxx.o: In function `main':
CheckSymbolExists.cxx:(.text+0x1b): undefined reference to `pthread_create'
collect2: error: ld returned 1 exit status
CMakeFiles/cmTC_02a00.dir/build.make:97: recipe for target 'cmTC_02a00' failed
make[1]: *** [cmTC_02a00] Error 1
make[1]: Leaving directory '/vagrant/CMakeFiles/CMakeTmp'
Makefile:126: recipe for target 'cmTC_02a00/fast' failed
make: *** [cmTC_02a00/fast] Error 2

File /vagrant/CMakeFiles/CMakeTmp/CheckSymbolExists.cxx:
/* */
#include <pthread.h>

int main(int argc, char** argv)
{
  (void)argv;
#ifndef pthread_create
  return ((int*)(&pthread_create))[argc];
#else
  (void)argc;
  return 0;
#endif
}

Determining if the function pthread_create exists in the pthreads failed with the following output:
Change Dir: /vagrant/CMakeFiles/CMakeTmp

Run Build Command:"/usr/bin/make" "cmTC_5e15d/fast"
/usr/bin/make -f CMakeFiles/cmTC_5e15d.dir/build.make CMakeFiles/cmTC_5e15d.dir/build
make[1]: Entering directory '/vagrant/CMakeFiles/CMakeTmp'
Building CXX object CMakeFiles/cmTC_5e15d.dir/CheckFunctionExists.cxx.o
/usr/bin/c++    -DCHECK_FUNCTION_EXISTS=pthread_create   -o CMakeFiles/cmTC_5e15d.dir/CheckFunctionExists.cxx.o -c /vagrant/CMakeFiles/CheckLibraryExists/CheckFunctionExists.cxx
Linking CXX executable cmTC_5e15d
/usr/bin/cmake -E cmake_link_script CMakeFiles/cmTC_5e15d.dir/link.txt --verbose=1
/usr/bin/c++   -DCHECK_FUNCTION_EXISTS=pthread_create    CMakeFiles/cmTC_5e15d.dir/CheckFunctionExists.cxx.o  -o cmTC_5e15d -lpthreads 
/usr/bin/ld: cannot find -lpthreads
collect2: error: ld returned 1 exit status
CMakeFiles/cmTC_5e15d.dir/build.make:97: recipe for target 'cmTC_5e15d' failed
make[1]: *** [cmTC_5e15d] Error 1
make[1]: Leaving directory '/vagrant/CMakeFiles/CMakeTmp'
Makefile:126: recipe for target 'cmTC_5e15d/fast' failed
make: *** [cmTC_5e15d/fast] Error 2


